<?xml version="1.0" encoding="UTF-8"?>
<!-- Generated by org.testng.reporters.JUnitReportReporter -->
<testsuite skipped="0" hostname="ip-172-31-2-231" name="test.Testcase1" tests="1" failures="0" timestamp="2021-03-07T09:36:29 UTC" time="0.013" errors="0">
  <testcase name="method1" time="0.013" classname="test.Testcase1"/>
  <system-out/>
</testsuite> <!-- test.Testcase1 -->
