<?xml version="1.0" encoding="UTF-8"?>
<!-- Generated by org.testng.reporters.JUnitReportReporter -->
<testsuite skipped="0" hostname="ip-172-31-2-231" name="test.Test2" tests="1" failures="0" timestamp="2021-03-07T10:25:48 UTC" time="0.001" errors="0">
  <testcase name="method2" time="0.001" classname="test.Test2"/>
  <system-out/>
</testsuite> <!-- test.Test2 -->
